  stdafx.cpp
  dllmain.cpp
  SendXmlMessage.cpp
D:\rixiaowork\me\pc_wechat_hook\SendXmlMessage\SendXmlMessage.cpp(28,45): warning C4311:  “类型强制转换”: 从“HMODULE”到“DWORD”的指针截断
D:\rixiaowork\me\pc_wechat_hook\SendXmlMessage\SendXmlMessage.cpp(28,45): warning C4302:  “类型强制转换”: 从“HMODULE”到“DWORD”截断
D:\rixiaowork\me\pc_wechat_hook\SendXmlMessage\SendXmlMessage.cpp(72,34): warning C4267:  “=”: 从“size_t”转换到“int”，可能丢失数据
D:\rixiaowork\me\pc_wechat_hook\SendXmlMessage\SendXmlMessage.cpp(73,41): warning C4267:  “=”: 从“size_t”转换到“int”，可能丢失数据
D:\rixiaowork\me\pc_wechat_hook\SendXmlMessage\SendXmlMessage.cpp(81,32): warning C4267:  “=”: 从“size_t”转换到“int”，可能丢失数据
D:\rixiaowork\me\pc_wechat_hook\SendXmlMessage\SendXmlMessage.cpp(82,39): warning C4267:  “=”: 从“size_t”转换到“int”，可能丢失数据
D:\rixiaowork\me\pc_wechat_hook\SendXmlMessage\SendXmlMessage.cpp(89,37): warning C4267:  “=”: 从“size_t”转换到“int”，可能丢失数据
D:\rixiaowork\me\pc_wechat_hook\SendXmlMessage\SendXmlMessage.cpp(90,44): warning C4267:  “=”: 从“size_t”转换到“int”，可能丢失数据
D:\rixiaowork\me\pc_wechat_hook\SendXmlMessage\SendXmlMessage.cpp(97,27): warning C4267:  “=”: 从“size_t”转换到“int”，可能丢失数据
D:\rixiaowork\me\pc_wechat_hook\SendXmlMessage\SendXmlMessage.cpp(98,34): warning C4267:  “=”: 从“size_t”转换到“int”，可能丢失数据
D:\rixiaowork\me\pc_wechat_hook\SendXmlMessage\SendXmlMessage.cpp(106,2): error C4235:  使用了非标准扩展: 不支持在此结构上使用“__asm”关键字
D:\rixiaowork\me\pc_wechat_hook\SendXmlMessage\SendXmlMessage.cpp(107,3): error C2065:  “mov”: 未声明的标识符
D:\rixiaowork\me\pc_wechat_hook\SendXmlMessage\SendXmlMessage.cpp(107,7): error C2146:  语法错误: 缺少“;”(在标识符“edi”的前面)
D:\rixiaowork\me\pc_wechat_hook\SendXmlMessage\SendXmlMessage.cpp(107,7): error C2065:  “edi”: 未声明的标识符
D:\rixiaowork\me\pc_wechat_hook\SendXmlMessage\SendXmlMessage.cpp(108,3): error C2146:  语法错误: 缺少“;”(在标识符“push”的前面)
D:\rixiaowork\me\pc_wechat_hook\SendXmlMessage\SendXmlMessage.cpp(108,3): error C2065:  “push”: 未声明的标识符
D:\rixiaowork\me\pc_wechat_hook\SendXmlMessage\SendXmlMessage.cpp(108,8): error C2146:  语法错误: 缺少“;”(在标识符“edi”的前面)
D:\rixiaowork\me\pc_wechat_hook\SendXmlMessage\SendXmlMessage.cpp(108,8): error C2065:  “edi”: 未声明的标识符
D:\rixiaowork\me\pc_wechat_hook\SendXmlMessage\SendXmlMessage.cpp(109,3): error C2146:  语法错误: 缺少“;”(在标识符“lea”的前面)
D:\rixiaowork\me\pc_wechat_hook\SendXmlMessage\SendXmlMessage.cpp(109,3): error C2065:  “lea”: 未声明的标识符
D:\rixiaowork\me\pc_wechat_hook\SendXmlMessage\SendXmlMessage.cpp(109,7): error C2146:  语法错误: 缺少“;”(在标识符“eax”的前面)
D:\rixiaowork\me\pc_wechat_hook\SendXmlMessage\SendXmlMessage.cpp(109,7): error C2065:  “eax”: 未声明的标识符
D:\rixiaowork\me\pc_wechat_hook\SendXmlMessage\SendXmlMessage.cpp(110,3): error C2146:  语法错误: 缺少“;”(在标识符“push”的前面)
D:\rixiaowork\me\pc_wechat_hook\SendXmlMessage\SendXmlMessage.cpp(110,3): error C2065:  “push”: 未声明的标识符
D:\rixiaowork\me\pc_wechat_hook\SendXmlMessage\SendXmlMessage.cpp(110,8): error C2146:  语法错误: 缺少“;”(在标识符“eax”的前面)
D:\rixiaowork\me\pc_wechat_hook\SendXmlMessage\SendXmlMessage.cpp(110,8): error C2065:  “eax”: 未声明的标识符
D:\rixiaowork\me\pc_wechat_hook\SendXmlMessage\SendXmlMessage.cpp(111,3): error C2146:  语法错误: 缺少“;”(在标识符“mov”的前面)
D:\rixiaowork\me\pc_wechat_hook\SendXmlMessage\SendXmlMessage.cpp(111,3): error C2065:  “mov”: 未声明的标识符
D:\rixiaowork\me\pc_wechat_hook\SendXmlMessage\SendXmlMessage.cpp(111,7): error C2146:  语法错误: 缺少“;”(在标识符“eax”的前面)
D:\rixiaowork\me\pc_wechat_hook\SendXmlMessage\SendXmlMessage.cpp(111,7): error C2065:  “eax”: 未声明的标识符
D:\rixiaowork\me\pc_wechat_hook\SendXmlMessage\SendXmlMessage.cpp(112,3): error C2146:  语法错误: 缺少“;”(在标识符“push”的前面)
D:\rixiaowork\me\pc_wechat_hook\SendXmlMessage\SendXmlMessage.cpp(112,3): error C2065:  “push”: 未声明的标识符
D:\rixiaowork\me\pc_wechat_hook\SendXmlMessage\SendXmlMessage.cpp(112,8): error C2146:  语法错误: 缺少“;”(在标识符“eax”的前面)
D:\rixiaowork\me\pc_wechat_hook\SendXmlMessage\SendXmlMessage.cpp(112,8): error C2065:  “eax”: 未声明的标识符
D:\rixiaowork\me\pc_wechat_hook\SendXmlMessage\SendXmlMessage.cpp(113,3): error C2146:  语法错误: 缺少“;”(在标识符“mov”的前面)
D:\rixiaowork\me\pc_wechat_hook\SendXmlMessage\SendXmlMessage.cpp(113,3): error C2065:  “mov”: 未声明的标识符
D:\rixiaowork\me\pc_wechat_hook\SendXmlMessage\SendXmlMessage.cpp(113,7): error C2146:  语法错误: 缺少“;”(在标识符“eax”的前面)
D:\rixiaowork\me\pc_wechat_hook\SendXmlMessage\SendXmlMessage.cpp(113,7): error C2065:  “eax”: 未声明的标识符
D:\rixiaowork\me\pc_wechat_hook\SendXmlMessage\SendXmlMessage.cpp(114,3): error C2146:  语法错误: 缺少“;”(在标识符“push”的前面)
D:\rixiaowork\me\pc_wechat_hook\SendXmlMessage\SendXmlMessage.cpp(114,3): error C2065:  “push”: 未声明的标识符
D:\rixiaowork\me\pc_wechat_hook\SendXmlMessage\SendXmlMessage.cpp(114,8): error C2146:  语法错误: 缺少“;”(在标识符“eax”的前面)
D:\rixiaowork\me\pc_wechat_hook\SendXmlMessage\SendXmlMessage.cpp(114,8): error C2065:  “eax”: 未声明的标识符
D:\rixiaowork\me\pc_wechat_hook\SendXmlMessage\SendXmlMessage.cpp(115,3): error C2146:  语法错误: 缺少“;”(在标识符“mov”的前面)
D:\rixiaowork\me\pc_wechat_hook\SendXmlMessage\SendXmlMessage.cpp(115,3): error C2065:  “mov”: 未声明的标识符
D:\rixiaowork\me\pc_wechat_hook\SendXmlMessage\SendXmlMessage.cpp(115,7): error C2146:  语法错误: 缺少“;”(在标识符“ebx”的前面)
D:\rixiaowork\me\pc_wechat_hook\SendXmlMessage\SendXmlMessage.cpp(115,7): error C2065:  “ebx”: 未声明的标识符
D:\rixiaowork\me\pc_wechat_hook\SendXmlMessage\SendXmlMessage.cpp(116,3): error C2146:  语法错误: 缺少“;”(在标识符“push”的前面)
D:\rixiaowork\me\pc_wechat_hook\SendXmlMessage\SendXmlMessage.cpp(116,3): error C2065:  “push”: 未声明的标识符
D:\rixiaowork\me\pc_wechat_hook\SendXmlMessage\SendXmlMessage.cpp(116,8): error C2146:  语法错误: 缺少“;”(在标识符“ebx”的前面)
D:\rixiaowork\me\pc_wechat_hook\SendXmlMessage\SendXmlMessage.cpp(116,8): error C2065:  “ebx”: 未声明的标识符
D:\rixiaowork\me\pc_wechat_hook\SendXmlMessage\SendXmlMessage.cpp(117,3): error C2146:  语法错误: 缺少“;”(在标识符“mov”的前面)
D:\rixiaowork\me\pc_wechat_hook\SendXmlMessage\SendXmlMessage.cpp(117,3): error C2065:  “mov”: 未声明的标识符
D:\rixiaowork\me\pc_wechat_hook\SendXmlMessage\SendXmlMessage.cpp(117,7): error C2146:  语法错误: 缺少“;”(在标识符“eax”的前面)
D:\rixiaowork\me\pc_wechat_hook\SendXmlMessage\SendXmlMessage.cpp(117,7): error C2065:  “eax”: 未声明的标识符
D:\rixiaowork\me\pc_wechat_hook\SendXmlMessage\SendXmlMessage.cpp(118,3): error C2146:  语法错误: 缺少“;”(在标识符“push”的前面)
D:\rixiaowork\me\pc_wechat_hook\SendXmlMessage\SendXmlMessage.cpp(118,3): error C2065:  “push”: 未声明的标识符
D:\rixiaowork\me\pc_wechat_hook\SendXmlMessage\SendXmlMessage.cpp(118,8): error C2146:  语法错误: 缺少“;”(在标识符“eax”的前面)
D:\rixiaowork\me\pc_wechat_hook\SendXmlMessage\SendXmlMessage.cpp(118,8): error C2065:  “eax”: 未声明的标识符
D:\rixiaowork\me\pc_wechat_hook\SendXmlMessage\SendXmlMessage.cpp(119,3): error C2146:  语法错误: 缺少“;”(在标识符“lea”的前面)
D:\rixiaowork\me\pc_wechat_hook\SendXmlMessage\SendXmlMessage.cpp(119,3): error C2065:  “lea”: 未声明的标识符
D:\rixiaowork\me\pc_wechat_hook\SendXmlMessage\SendXmlMessage.cpp(119,7): error C2146:  语法错误: 缺少“;”(在标识符“eax”的前面)
D:\rixiaowork\me\pc_wechat_hook\SendXmlMessage\SendXmlMessage.cpp(119,7): error C2065:  “eax”: 未声明的标识符
D:\rixiaowork\me\pc_wechat_hook\SendXmlMessage\SendXmlMessage.cpp(120,3): error C2146:  语法错误: 缺少“;”(在标识符“push”的前面)
D:\rixiaowork\me\pc_wechat_hook\SendXmlMessage\SendXmlMessage.cpp(120,3): error C2065:  “push”: 未声明的标识符
D:\rixiaowork\me\pc_wechat_hook\SendXmlMessage\SendXmlMessage.cpp(120,8): error C2146:  语法错误: 缺少“;”(在标识符“eax”的前面)
D:\rixiaowork\me\pc_wechat_hook\SendXmlMessage\SendXmlMessage.cpp(120,8): error C2065:  “eax”: 未声明的标识符
D:\rixiaowork\me\pc_wechat_hook\SendXmlMessage\SendXmlMessage.cpp(121,3): error C2146:  语法错误: 缺少“;”(在标识符“call”的前面)
D:\rixiaowork\me\pc_wechat_hook\SendXmlMessage\SendXmlMessage.cpp(121,3): error C2065:  “call”: 未声明的标识符
D:\rixiaowork\me\pc_wechat_hook\SendXmlMessage\SendXmlMessage.cpp(121,8): error C2146:  语法错误: 缺少“;”(在标识符“callAdd”的前面)
D:\rixiaowork\me\pc_wechat_hook\SendXmlMessage\SendXmlMessage.cpp(122,2): error C2143:  语法错误: 缺少“;”(在“}”的前面)
D:\rixiaowork\me\pc_wechat_hook\SendXmlMessage\SendXmlMessage.cpp(152,39): warning C4267:  “=”: 从“size_t”转换到“int”，可能丢失数据
D:\rixiaowork\me\pc_wechat_hook\SendXmlMessage\SendXmlMessage.cpp(153,46): warning C4267:  “=”: 从“size_t”转换到“int”，可能丢失数据
D:\rixiaowork\me\pc_wechat_hook\SendXmlMessage\SendXmlMessage.cpp(156,44): warning C4267:  “=”: 从“size_t”转换到“int”，可能丢失数据
D:\rixiaowork\me\pc_wechat_hook\SendXmlMessage\SendXmlMessage.cpp(157,51): warning C4267:  “=”: 从“size_t”转换到“int”，可能丢失数据
D:\rixiaowork\me\pc_wechat_hook\SendXmlMessage\SendXmlMessage.cpp(163,33): warning C4267:  “=”: 从“size_t”转换到“int”，可能丢失数据
D:\rixiaowork\me\pc_wechat_hook\SendXmlMessage\SendXmlMessage.cpp(164,40): warning C4267:  “=”: 从“size_t”转换到“int”，可能丢失数据
D:\rixiaowork\me\pc_wechat_hook\SendXmlMessage\SendXmlMessage.cpp(172,2): error C4235:  使用了非标准扩展: 不支持在此结构上使用“__asm”关键字
D:\rixiaowork\me\pc_wechat_hook\SendXmlMessage\SendXmlMessage.cpp(173,3): error C2065:  “push”: 未声明的标识符
D:\rixiaowork\me\pc_wechat_hook\SendXmlMessage\SendXmlMessage.cpp(173,8): error C2143:  语法错误: 缺少“;”(在“常数”的前面)
D:\rixiaowork\me\pc_wechat_hook\SendXmlMessage\SendXmlMessage.cpp(174,3): error C2146:  语法错误: 缺少“;”(在标识符“lea”的前面)
D:\rixiaowork\me\pc_wechat_hook\SendXmlMessage\SendXmlMessage.cpp(174,3): error C2065:  “lea”: 未声明的标识符
D:\rixiaowork\me\pc_wechat_hook\SendXmlMessage\SendXmlMessage.cpp(174,7): error C2146:  语法错误: 缺少“;”(在标识符“eax”的前面)
D:\rixiaowork\me\pc_wechat_hook\SendXmlMessage\SendXmlMessage.cpp(174,7): error C2065:  “eax”: 未声明的标识符
D:\rixiaowork\me\pc_wechat_hook\SendXmlMessage\SendXmlMessage.cpp(175,3): error C2146:  语法错误: 缺少“;”(在标识符“push”的前面)
D:\rixiaowork\me\pc_wechat_hook\SendXmlMessage\SendXmlMessage.cpp(175,3): error C2065:  “push”: 未声明的标识符
D:\rixiaowork\me\pc_wechat_hook\SendXmlMessage\SendXmlMessage.cpp(175,8): error C2146:  语法错误: 缺少“;”(在标识符“eax”的前面)
D:\rixiaowork\me\pc_wechat_hook\SendXmlMessage\SendXmlMessage.cpp(175,8): error C2065:  “eax”: 未声明的标识符
D:\rixiaowork\me\pc_wechat_hook\SendXmlMessage\SendXmlMessage.cpp(176,3): error C2146:  语法错误: 缺少“;”(在标识符“lea”的前面)
D:\rixiaowork\me\pc_wechat_hook\SendXmlMessage\SendXmlMessage.cpp(176,3): error C2065:  “lea”: 未声明的标识符
D:\rixiaowork\me\pc_wechat_hook\SendXmlMessage\SendXmlMessage.cpp(176,7): error C2146:  语法错误: 缺少“;”(在标识符“eax”的前面)
D:\rixiaowork\me\pc_wechat_hook\SendXmlMessage\SendXmlMessage.cpp(176,7): error C2065:  “eax”: 未声明的标识符
D:\rixiaowork\me\pc_wechat_hook\SendXmlMessage\SendXmlMessage.cpp(177,3): error C2146:  语法错误: 缺少“;”(在标识符“push”的前面)
D:\rixiaowork\me\pc_wechat_hook\SendXmlMessage\SendXmlMessage.cpp(177,3): error C2065:  “push”: 未声明的标识符
D:\rixiaowork\me\pc_wechat_hook\SendXmlMessage\SendXmlMessage.cpp(177,8): error C2146:  语法错误: 缺少“;”(在标识符“eax”的前面)
D:\rixiaowork\me\pc_wechat_hook\SendXmlMessage\SendXmlMessage.cpp(177,8): error C2065:  “eax”: 未声明的标识符
D:\rixiaowork\me\pc_wechat_hook\SendXmlMessage\SendXmlMessage.cpp(178,3): error C2146:  语法错误: 缺少“;”(在标识符“mov”的前面)
D:\rixiaowork\me\pc_wechat_hook\SendXmlMessage\SendXmlMessage.cpp(178,3): error C2065:  “mov”: 未声明的标识符
D:\rixiaowork\me\pc_wechat_hook\SendXmlMessage\SendXmlMessage.cpp(178,7): error C2146:  语法错误: 缺少“;”(在标识符“eax”的前面)
D:\rixiaowork\me\pc_wechat_hook\SendXmlMessage\SendXmlMessage.cpp(178,7): error C2065:  “eax”: 未声明的标识符
D:\rixiaowork\me\pc_wechat_hook\SendXmlMessage\SendXmlMessage.cpp(179,3): error C2146:  语法错误: 缺少“;”(在标识符“push”的前面)
D:\rixiaowork\me\pc_wechat_hook\SendXmlMessage\SendXmlMessage.cpp(179,3): error C2065:  “push”: 未声明的标识符
D:\rixiaowork\me\pc_wechat_hook\SendXmlMessage\SendXmlMessage.cpp(179,8): error C2146:  语法错误: 缺少“;”(在标识符“eax”的前面)
D:\rixiaowork\me\pc_wechat_hook\SendXmlMessage\SendXmlMessage.cpp(179,8): error C2065:  “eax”: 未声明的标识符
D:\rixiaowork\me\pc_wechat_hook\SendXmlMessage\SendXmlMessage.cpp(180,3): error C2146:  语法错误: 缺少“;”(在标识符“mov”的前面)
D:\rixiaowork\me\pc_wechat_hook\SendXmlMessage\SendXmlMessage.cpp(180,3): error C2065:  “mov”: 未声明的标识符
D:\rixiaowork\me\pc_wechat_hook\SendXmlMessage\SendXmlMessage.cpp(180,7): error C2146:  语法错误: 缺少“;”(在标识符“eax”的前面)
D:\rixiaowork\me\pc_wechat_hook\SendXmlMessage\SendXmlMessage.cpp(180,7): error C2065:  “eax”: 未声明的标识符
D:\rixiaowork\me\pc_wechat_hook\SendXmlMessage\SendXmlMessage.cpp(181,3): error C2146:  语法错误: 缺少“;”(在标识符“push”的前面)
D:\rixiaowork\me\pc_wechat_hook\SendXmlMessage\SendXmlMessage.cpp(181,3): error C2065:  “push”: 未声明的标识符
D:\rixiaowork\me\pc_wechat_hook\SendXmlMessage\SendXmlMessage.cpp(181,8): error C2146:  语法错误: 缺少“;”(在标识符“eax”的前面)
D:\rixiaowork\me\pc_wechat_hook\SendXmlMessage\SendXmlMessage.cpp(181,8): error C2065:  “eax”: 未声明的标识符
D:\rixiaowork\me\pc_wechat_hook\SendXmlMessage\SendXmlMessage.cpp(182,3): error C2146:  语法错误: 缺少“;”(在标识符“mov”的前面)
D:\rixiaowork\me\pc_wechat_hook\SendXmlMessage\SendXmlMessage.cpp(182,3): error C2065:  “mov”: 未声明的标识符
D:\rixiaowork\me\pc_wechat_hook\SendXmlMessage\SendXmlMessage.cpp(182,7): error C2146:  语法错误: 缺少“;”(在标识符“eax”的前面)
D:\rixiaowork\me\pc_wechat_hook\SendXmlMessage\SendXmlMessage.cpp(182,7): error C2065:  “eax”: 未声明的标识符
D:\rixiaowork\me\pc_wechat_hook\SendXmlMessage\SendXmlMessage.cpp(183,3): error C2146:  语法错误: 缺少“;”(在标识符“push”的前面)
D:\rixiaowork\me\pc_wechat_hook\SendXmlMessage\SendXmlMessage.cpp(183,3): error C2065:  “push”: 未声明的标识符
D:\rixiaowork\me\pc_wechat_hook\SendXmlMessage\SendXmlMessage.cpp(183,8): error C2146:  语法错误: 缺少“;”(在标识符“eax”的前面)
D:\rixiaowork\me\pc_wechat_hook\SendXmlMessage\SendXmlMessage.cpp(183,8): error C2065:  “eax”: 未声明的标识符
  正在生成代码...
D:\rixiaowork\me\pc_wechat_hook\SendXmlMessage\SendXmlMessage.cpp(184,7): error C1003:  错误计数超过 100；正在停止编译
