  dllmain.cpp
D:\rixiaowork\me\pc_wechat_hook\GetUserLists\dllmain.cpp(59,47): error C2664:  “int MessageBoxW(HWND,LPCWSTR,LPCWSTR,UINT)”: 无法将参数 2 从“const char [9]”转换为“LPCWSTR”
D:\rixiaowork\me\pc_wechat_hook\GetUserLists\dllmain.cpp(59,20): message :  与指向的类型无关；强制转换要求 reinterpret_cast、C 样式强制转换或函数样式强制转换
D:\rixiaowork\me\pc_wechat_hook\GetUserLists\dllmain.cpp(79,39): error C2440:  “=”: 无法从“LPSTR”转换为“LPWSTR”
  GetUserLists.cpp
D:\rixiaowork\me\pc_wechat_hook\GetUserLists\dllmain.cpp(79,38): message :  与指向的类型无关；强制转换要求 reinterpret_cast、C 样式强制转换或函数样式强制转换
D:\rixiaowork\me\pc_wechat_hook\GetUserLists\GetUserLists.cpp(27,43): error C2664:  “HMODULE LoadLibraryW(LPCWSTR)”: 无法将参数 1 从“const char [14]”转换为“LPCWSTR”
D:\rixiaowork\me\pc_wechat_hook\GetUserLists\GetUserLists.cpp(27,28): message :  与指向的类型无关；强制转换要求 reinterpret_cast、C 样式强制转换或函数样式强制转换
D:\rixiaowork\me\pc_wechat_hook\GetUserLists\GetUserLists.cpp(45,40): warning C4311:  “类型强制转换”: 从“LPVOID”到“DWORD”的指针截断
D:\rixiaowork\me\pc_wechat_hook\GetUserLists\GetUserLists.cpp(45,40): warning C4302:  “类型强制转换”: 从“LPVOID”到“DWORD”截断
D:\rixiaowork\me\pc_wechat_hook\GetUserLists\GetUserLists.cpp(53,5): warning C4312:  “类型强制转换”: 从“DWORD”转换到更大的“LPVOID”
D:\rixiaowork\me\pc_wechat_hook\GetUserLists\GetUserLists.cpp(54,76): error C2664:  “int MessageBoxW(HWND,LPCWSTR,LPCWSTR,UINT)”: 无法将参数 2 从“const char [23]”转换为“LPCWSTR”
D:\rixiaowork\me\pc_wechat_hook\GetUserLists\GetUserLists.cpp(54,20): message :  与指向的类型无关；强制转换要求 reinterpret_cast、C 样式强制转换或函数样式强制转换
D:\rixiaowork\me\pc_wechat_hook\GetUserLists\GetUserLists.cpp(59,5): warning C4312:  “类型强制转换”: 从“DWORD”转换到更大的“LPVOID”
D:\rixiaowork\me\pc_wechat_hook\GetUserLists\GetUserLists.cpp(60,76): error C2664:  “int MessageBoxW(HWND,LPCWSTR,LPCWSTR,UINT)”: 无法将参数 2 从“const char [27]”转换为“LPCWSTR”
D:\rixiaowork\me\pc_wechat_hook\GetUserLists\GetUserLists.cpp(60,20): message :  与指向的类型无关；强制转换要求 reinterpret_cast、C 样式强制转换或函数样式强制转换
D:\rixiaowork\me\pc_wechat_hook\GetUserLists\GetUserLists.cpp(116,44): warning C4312:  “类型强制转换”: 从“DWORD”转换到更大的“LPVOID *”
D:\rixiaowork\me\pc_wechat_hook\GetUserLists\GetUserLists.cpp(116,18): warning C4477:  “swprintf_s”: 格式字符串“%s”需要类型“wchar_t *”的参数，但可变参数 1 拥有了类型“LPVOID”
D:\rixiaowork\me\pc_wechat_hook\GetUserLists\GetUserLists.cpp(119,47): warning C4312:  “类型强制转换”: 从“DWORD”转换到更大的“LPVOID *”
D:\rixiaowork\me\pc_wechat_hook\GetUserLists\GetUserLists.cpp(119,19): warning C4477:  “swprintf_s”: 格式字符串“%s”需要类型“wchar_t *”的参数，但可变参数 1 拥有了类型“LPVOID”
D:\rixiaowork\me\pc_wechat_hook\GetUserLists\GetUserLists.cpp(122,53): warning C4312:  “类型强制转换”: 从“DWORD”转换到更大的“LPVOID *”
D:\rixiaowork\me\pc_wechat_hook\GetUserLists\GetUserLists.cpp(122,23): warning C4477:  “swprintf_s”: 格式字符串“%s”需要类型“wchar_t *”的参数，但可变参数 1 拥有了类型“LPVOID”
D:\rixiaowork\me\pc_wechat_hook\GetUserLists\GetUserLists.cpp(125,5): warning C4312:  “类型强制转换”: 从“DWORD”转换到更大的“LPVOID *”
D:\rixiaowork\me\pc_wechat_hook\GetUserLists\GetUserLists.cpp(126,52): warning C4312:  “类型强制转换”: 从“DWORD”转换到更大的“LPVOID *”
D:\rixiaowork\me\pc_wechat_hook\GetUserLists\GetUserLists.cpp(126,23): warning C4477:  “swprintf_s”: 格式字符串“%s”需要类型“wchar_t *”的参数，但可变参数 1 拥有了类型“LPVOID”
D:\rixiaowork\me\pc_wechat_hook\GetUserLists\GetUserLists.cpp(129,49): warning C4312:  “类型强制转换”: 从“DWORD”转换到更大的“LPVOID *”
D:\rixiaowork\me\pc_wechat_hook\GetUserLists\GetUserLists.cpp(129,23): warning C4477:  “swprintf_s”: 格式字符串“%s”需要类型“wchar_t *”的参数，但可变参数 1 拥有了类型“LPVOID”
D:\rixiaowork\me\pc_wechat_hook\GetUserLists\GetUserLists.cpp(134,49): warning C4312:  “类型强制转换”: 从“DWORD”转换到更大的“LPVOID *”
D:\rixiaowork\me\pc_wechat_hook\GetUserLists\GetUserLists.cpp(134,23): warning C4477:  “swprintf_s”: 格式字符串“%s”需要类型“wchar_t *”的参数，但可变参数 1 拥有了类型“LPVOID”
D:\rixiaowork\me\pc_wechat_hook\GetUserLists\GetUserLists.cpp(139,49): warning C4312:  “类型强制转换”: 从“DWORD”转换到更大的“LPVOID *”
D:\rixiaowork\me\pc_wechat_hook\GetUserLists\GetUserLists.cpp(139,23): warning C4477:  “swprintf_s”: 格式字符串“%s”需要类型“wchar_t *”的参数，但可变参数 1 拥有了类型“LPVOID”
D:\rixiaowork\me\pc_wechat_hook\GetUserLists\GetUserLists.cpp(148,37): error C2440:  “=”: 无法从“char *”转换为“LPWSTR”
D:\rixiaowork\me\pc_wechat_hook\GetUserLists\GetUserLists.cpp(148,31): message :  与指向的类型无关；强制转换要求 reinterpret_cast、C 样式强制转换或函数样式强制转换
D:\rixiaowork\me\pc_wechat_hook\GetUserLists\GetUserLists.cpp(152,41): error C2440:  “=”: 无法从“char *”转换为“LPWSTR”
D:\rixiaowork\me\pc_wechat_hook\GetUserLists\GetUserLists.cpp(152,31): message :  与指向的类型无关；强制转换要求 reinterpret_cast、C 样式强制转换或函数样式强制转换
D:\rixiaowork\me\pc_wechat_hook\GetUserLists\GetUserLists.cpp(156,37): error C2440:  “=”: 无法从“char *”转换为“LPWSTR”
D:\rixiaowork\me\pc_wechat_hook\GetUserLists\GetUserLists.cpp(156,31): message :  与指向的类型无关；强制转换要求 reinterpret_cast、C 样式强制转换或函数样式强制转换
D:\rixiaowork\me\pc_wechat_hook\GetUserLists\GetUserLists.cpp(177,17): error C2485:  “naked”: 无法识别的扩展特性
D:\rixiaowork\me\pc_wechat_hook\GetUserLists\GetUserLists.cpp(196,2): error C4235:  使用了非标准扩展: 不支持在此结构上使用“__asm”关键字
D:\rixiaowork\me\pc_wechat_hook\GetUserLists\GetUserLists.cpp(197,3): error C2065:  “call”: 未声明的标识符
D:\rixiaowork\me\pc_wechat_hook\GetUserLists\GetUserLists.cpp(197,8): error C2146:  语法错误: 缺少“;”(在标识符“retCallAdd”的前面)
D:\rixiaowork\me\pc_wechat_hook\GetUserLists\GetUserLists.cpp(198,3): error C2146:  语法错误: 缺少“;”(在标识符“mov”的前面)
D:\rixiaowork\me\pc_wechat_hook\GetUserLists\GetUserLists.cpp(198,3): error C2065:  “mov”: 未声明的标识符
D:\rixiaowork\me\pc_wechat_hook\GetUserLists\GetUserLists.cpp(198,7): error C2146:  语法错误: 缺少“;”(在标识符“cEax”的前面)
D:\rixiaowork\me\pc_wechat_hook\GetUserLists\GetUserLists.cpp(198,13): error C2065:  “eax”: 未声明的标识符
D:\rixiaowork\me\pc_wechat_hook\GetUserLists\GetUserLists.cpp(199,3): error C2146:  语法错误: 缺少“;”(在标识符“mov”的前面)
D:\rixiaowork\me\pc_wechat_hook\GetUserLists\GetUserLists.cpp(199,3): error C2065:  “mov”: 未声明的标识符
D:\rixiaowork\me\pc_wechat_hook\GetUserLists\GetUserLists.cpp(199,7): error C2146:  语法错误: 缺少“;”(在标识符“cEcx”的前面)
D:\rixiaowork\me\pc_wechat_hook\GetUserLists\GetUserLists.cpp(199,13): error C2065:  “ecx”: 未声明的标识符
D:\rixiaowork\me\pc_wechat_hook\GetUserLists\GetUserLists.cpp(200,3): error C2146:  语法错误: 缺少“;”(在标识符“mov”的前面)
D:\rixiaowork\me\pc_wechat_hook\GetUserLists\GetUserLists.cpp(200,3): error C2065:  “mov”: 未声明的标识符
D:\rixiaowork\me\pc_wechat_hook\GetUserLists\GetUserLists.cpp(200,7): error C2146:  语法错误: 缺少“;”(在标识符“cEdx”的前面)
D:\rixiaowork\me\pc_wechat_hook\GetUserLists\GetUserLists.cpp(200,13): error C2065:  “edx”: 未声明的标识符
D:\rixiaowork\me\pc_wechat_hook\GetUserLists\GetUserLists.cpp(201,3): error C2146:  语法错误: 缺少“;”(在标识符“mov”的前面)
D:\rixiaowork\me\pc_wechat_hook\GetUserLists\GetUserLists.cpp(201,3): error C2065:  “mov”: 未声明的标识符
D:\rixiaowork\me\pc_wechat_hook\GetUserLists\GetUserLists.cpp(201,7): error C2146:  语法错误: 缺少“;”(在标识符“cEbx”的前面)
D:\rixiaowork\me\pc_wechat_hook\GetUserLists\GetUserLists.cpp(201,13): error C2065:  “ebx”: 未声明的标识符
D:\rixiaowork\me\pc_wechat_hook\GetUserLists\GetUserLists.cpp(202,3): error C2146:  语法错误: 缺少“;”(在标识符“mov”的前面)
D:\rixiaowork\me\pc_wechat_hook\GetUserLists\GetUserLists.cpp(202,3): error C2065:  “mov”: 未声明的标识符
D:\rixiaowork\me\pc_wechat_hook\GetUserLists\GetUserLists.cpp(202,7): error C2146:  语法错误: 缺少“;”(在标识符“cEsp”的前面)
D:\rixiaowork\me\pc_wechat_hook\GetUserLists\GetUserLists.cpp(202,13): error C2065:  “esp”: 未声明的标识符
D:\rixiaowork\me\pc_wechat_hook\GetUserLists\GetUserLists.cpp(203,3): error C2146:  语法错误: 缺少“;”(在标识符“mov”的前面)
D:\rixiaowork\me\pc_wechat_hook\GetUserLists\GetUserLists.cpp(203,3): error C2065:  “mov”: 未声明的标识符
D:\rixiaowork\me\pc_wechat_hook\GetUserLists\GetUserLists.cpp(203,7): error C2146:  语法错误: 缺少“;”(在标识符“cEbp”的前面)
D:\rixiaowork\me\pc_wechat_hook\GetUserLists\GetUserLists.cpp(203,13): error C2065:  “ebp”: 未声明的标识符
D:\rixiaowork\me\pc_wechat_hook\GetUserLists\GetUserLists.cpp(204,3): error C2146:  语法错误: 缺少“;”(在标识符“mov”的前面)
D:\rixiaowork\me\pc_wechat_hook\GetUserLists\GetUserLists.cpp(204,3): error C2065:  “mov”: 未声明的标识符
D:\rixiaowork\me\pc_wechat_hook\GetUserLists\GetUserLists.cpp(204,7): error C2146:  语法错误: 缺少“;”(在标识符“cEsi”的前面)
D:\rixiaowork\me\pc_wechat_hook\GetUserLists\GetUserLists.cpp(204,13): error C2065:  “esi”: 未声明的标识符
D:\rixiaowork\me\pc_wechat_hook\GetUserLists\GetUserLists.cpp(205,3): error C2146:  语法错误: 缺少“;”(在标识符“mov”的前面)
D:\rixiaowork\me\pc_wechat_hook\GetUserLists\GetUserLists.cpp(205,3): error C2065:  “mov”: 未声明的标识符
D:\rixiaowork\me\pc_wechat_hook\GetUserLists\GetUserLists.cpp(205,7): error C2146:  语法错误: 缺少“;”(在标识符“cEdi”的前面)
D:\rixiaowork\me\pc_wechat_hook\GetUserLists\GetUserLists.cpp(205,13): error C2065:  “edi”: 未声明的标识符
D:\rixiaowork\me\pc_wechat_hook\GetUserLists\GetUserLists.cpp(206,2): error C2143:  语法错误: 缺少“;”(在“}”的前面)
D:\rixiaowork\me\pc_wechat_hook\GetUserLists\GetUserLists.cpp(222,2): error C4235:  使用了非标准扩展: 不支持在此结构上使用“__asm”关键字
D:\rixiaowork\me\pc_wechat_hook\GetUserLists\GetUserLists.cpp(223,3): error C2065:  “mov”: 未声明的标识符
D:\rixiaowork\me\pc_wechat_hook\GetUserLists\GetUserLists.cpp(223,7): error C2146:  语法错误: 缺少“;”(在标识符“eax”的前面)
D:\rixiaowork\me\pc_wechat_hook\GetUserLists\GetUserLists.cpp(223,7): error C2065:  “eax”: 未声明的标识符
D:\rixiaowork\me\pc_wechat_hook\GetUserLists\GetUserLists.cpp(224,3): error C2146:  语法错误: 缺少“;”(在标识符“mov”的前面)
D:\rixiaowork\me\pc_wechat_hook\GetUserLists\GetUserLists.cpp(224,3): error C2065:  “mov”: 未声明的标识符
D:\rixiaowork\me\pc_wechat_hook\GetUserLists\GetUserLists.cpp(224,7): error C2146:  语法错误: 缺少“;”(在标识符“ecx”的前面)
D:\rixiaowork\me\pc_wechat_hook\GetUserLists\GetUserLists.cpp(224,7): error C2065:  “ecx”: 未声明的标识符
D:\rixiaowork\me\pc_wechat_hook\GetUserLists\GetUserLists.cpp(225,3): error C2146:  语法错误: 缺少“;”(在标识符“mov”的前面)
D:\rixiaowork\me\pc_wechat_hook\GetUserLists\GetUserLists.cpp(225,3): error C2065:  “mov”: 未声明的标识符
D:\rixiaowork\me\pc_wechat_hook\GetUserLists\GetUserLists.cpp(225,7): error C2146:  语法错误: 缺少“;”(在标识符“edx”的前面)
D:\rixiaowork\me\pc_wechat_hook\GetUserLists\GetUserLists.cpp(225,7): error C2065:  “edx”: 未声明的标识符
D:\rixiaowork\me\pc_wechat_hook\GetUserLists\GetUserLists.cpp(226,3): error C2146:  语法错误: 缺少“;”(在标识符“mov”的前面)
D:\rixiaowork\me\pc_wechat_hook\GetUserLists\GetUserLists.cpp(226,3): error C2065:  “mov”: 未声明的标识符
D:\rixiaowork\me\pc_wechat_hook\GetUserLists\GetUserLists.cpp(226,7): error C2146:  语法错误: 缺少“;”(在标识符“ebx”的前面)
D:\rixiaowork\me\pc_wechat_hook\GetUserLists\GetUserLists.cpp(226,7): error C2065:  “ebx”: 未声明的标识符
D:\rixiaowork\me\pc_wechat_hook\GetUserLists\GetUserLists.cpp(227,3): error C2146:  语法错误: 缺少“;”(在标识符“mov”的前面)
D:\rixiaowork\me\pc_wechat_hook\GetUserLists\GetUserLists.cpp(227,3): error C2065:  “mov”: 未声明的标识符
D:\rixiaowork\me\pc_wechat_hook\GetUserLists\GetUserLists.cpp(227,7): error C2146:  语法错误: 缺少“;”(在标识符“esp”的前面)
D:\rixiaowork\me\pc_wechat_hook\GetUserLists\GetUserLists.cpp(227,7): error C2065:  “esp”: 未声明的标识符
D:\rixiaowork\me\pc_wechat_hook\GetUserLists\GetUserLists.cpp(228,3): error C2146:  语法错误: 缺少“;”(在标识符“mov”的前面)
D:\rixiaowork\me\pc_wechat_hook\GetUserLists\GetUserLists.cpp(228,3): error C2065:  “mov”: 未声明的标识符
D:\rixiaowork\me\pc_wechat_hook\GetUserLists\GetUserLists.cpp(228,7): error C2146:  语法错误: 缺少“;”(在标识符“ebp”的前面)
D:\rixiaowork\me\pc_wechat_hook\GetUserLists\GetUserLists.cpp(228,7): error C2065:  “ebp”: 未声明的标识符
D:\rixiaowork\me\pc_wechat_hook\GetUserLists\GetUserLists.cpp(229,3): error C2146:  语法错误: 缺少“;”(在标识符“mov”的前面)
D:\rixiaowork\me\pc_wechat_hook\GetUserLists\GetUserLists.cpp(229,3): error C2065:  “mov”: 未声明的标识符
D:\rixiaowork\me\pc_wechat_hook\GetUserLists\GetUserLists.cpp(229,7): error C2146:  语法错误: 缺少“;”(在标识符“esi”的前面)
D:\rixiaowork\me\pc_wechat_hook\GetUserLists\GetUserLists.cpp(229,7): error C2065:  “esi”: 未声明的标识符
D:\rixiaowork\me\pc_wechat_hook\GetUserLists\GetUserLists.cpp(230,3): error C2146:  语法错误: 缺少“;”(在标识符“mov”的前面)
D:\rixiaowork\me\pc_wechat_hook\GetUserLists\GetUserLists.cpp(230,3): error C2065:  “mov”: 未声明的标识符
D:\rixiaowork\me\pc_wechat_hook\GetUserLists\GetUserLists.cpp(230,7): error C2146:  语法错误: 缺少“;”(在标识符“edi”的前面)
D:\rixiaowork\me\pc_wechat_hook\GetUserLists\GetUserLists.cpp(230,7): error C2065:  “edi”: 未声明的标识符
D:\rixiaowork\me\pc_wechat_hook\GetUserLists\GetUserLists.cpp(231,3): error C2146:  语法错误: 缺少“;”(在标识符“jmp”的前面)
D:\rixiaowork\me\pc_wechat_hook\GetUserLists\GetUserLists.cpp(231,3): error C2065:  “jmp”: 未声明的标识符
D:\rixiaowork\me\pc_wechat_hook\GetUserLists\GetUserLists.cpp(231,7): error C2146:  语法错误: 缺少“;”(在标识符“retAdd”的前面)
  正在生成代码...
D:\rixiaowork\me\pc_wechat_hook\GetUserLists\GetUserLists.cpp(232,2): error C2143:  语法错误: 缺少“;”(在“}”的前面)
